{
  "stats": {
    "suites": 0,
    "tests": 5,
    "passes": 5,
    "pending": 0,
    "failures": 0,
    "start": "2023-09-03T07:16:05.497Z",
    "end": "2023-09-03T07:16:39.813Z",
    "duration": 34316,
    "testsRegistered": 5,
    "passPercent": 100,
    "pendingPercent": 0,
    "other": 0,
    "hasOther": false,
    "skipped": 0,
    "hasSkipped": false
  },
  "results": [
    {
      "uuid": "c07c413d-37a5-431b-992e-124daf9b65e8",
      "title": "",
      "fullFile": "cypress/e2e/personal_financing_page/personal-financing_spec.cy.js",
      "file": "cypress/e2e/personal_financing_page/personal-financing_spec.cy.js",
      "beforeHooks": [],
      "afterHooks": [],
      "tests": [
        {
          "title": "User should be able to calculate personal financing with valid data XVI",
          "fullTitle": "User should be able to calculate personal financing with valid data XVI",
          "timedOut": null,
          "duration": 5909,
          "state": "passed",
          "speed": "medium",
          "pass": true,
          "fail": false,
          "pending": false,
          "context": null,
          "code": "enterPersonalFinancingInformation(\"Buyout\", \"Government\", \"SANABIL INVESTMENT\", \"0\", \"0\", \"0\", \"0\", \"One Month\", \"Samba\", \"Yes\", \"Yes\", \"Saudi\", \"1\", \"Muharram\", \"1425\", \"1\");",
          "err": {},
          "uuid": "59e20d46-f601-4f1e-bf55-b9430b02ffd6",
          "parentUUID": "c07c413d-37a5-431b-992e-124daf9b65e8",
          "isHook": false,
          "skipped": false
        },
        {
          "title": "User should be able to calculate personal financing with valid data XVII",
          "fullTitle": "User should be able to calculate personal financing with valid data XVII",
          "timedOut": null,
          "duration": 5909,
          "state": "passed",
          "speed": "medium",
          "pass": true,
          "fail": false,
          "pending": false,
          "context": null,
          "code": "enterPersonalFinancingInformation(\"Buyout\", \"Government\", \"SANABIL INVESTMENT\", \"1000\", \"1000\", \"0\", \"0\", \"One Month\", \"Samba\", \"Yes\", \"Yes\", \"Saudi\", \"1\", \"Muharram\", \"1425\", \"2\");",
          "err": {},
          "uuid": "488c4c6d-469b-4d72-819c-22b454696ace",
          "parentUUID": "c07c413d-37a5-431b-992e-124daf9b65e8",
          "isHook": false,
          "skipped": false
        },
        {
          "title": "User should be able to calculate personal financing with valid data XVII",
          "fullTitle": "User should be able to calculate personal financing with valid data XVII",
          "timedOut": null,
          "duration": 5824,
          "state": "passed",
          "speed": "medium",
          "pass": true,
          "fail": false,
          "pending": false,
          "context": null,
          "code": "enterPersonalFinancingInformation(\"Buyout\", \"Government\", \"SANABIL INVESTMENT\", \"1000\", \"1000\", \"0\", \"0\", \"One Month\", \"Samba\", \"Yes\", \"Yes\", \"Saudi\", \"1\", \"Muharram\", \"1425\", \"3\");",
          "err": {},
          "uuid": "96fccb37-88a1-4f70-9303-8c25bee1b55d",
          "parentUUID": "c07c413d-37a5-431b-992e-124daf9b65e8",
          "isHook": false,
          "skipped": false
        },
        {
          "title": "User should be able to calculate personal financing with valid data XIX",
          "fullTitle": "User should be able to calculate personal financing with valid data XIX",
          "timedOut": null,
          "duration": 6483,
          "state": "passed",
          "speed": "medium",
          "pass": true,
          "fail": false,
          "pending": false,
          "context": null,
          "code": "enterPersonalFinancingInformation(\"Buyout\", \"Government\", \"SANABIL INVESTMENT\", \"1000\", \"1000\", \"0\", \"0\", \"One Month\", \"Samba\", \"Yes\", \"Yes\", \"Saudi\", \"1\", \"Muharram\", \"1425\", \"4\");",
          "err": {},
          "uuid": "f62d6e1a-fafa-42f6-80ae-ecd44ea9c5e6",
          "parentUUID": "c07c413d-37a5-431b-992e-124daf9b65e8",
          "isHook": false,
          "skipped": false
        },
        {
          "title": "User should be able to calculate personal financing with valid data XX",
          "fullTitle": "User should be able to calculate personal financing with valid data XX",
          "timedOut": null,
          "duration": 6599,
          "state": "passed",
          "speed": "medium",
          "pass": true,
          "fail": false,
          "pending": false,
          "context": null,
          "code": "enterPersonalFinancingInformation(\"Buyout\", \"Government\", \"SANABIL INVESTMENT\", \"1000\", \"1000\", \"0\", \"0\", \"One Month\", \"Samba\", \"Yes\", \"Yes\", \"Saudi\", \"1\", \"Muharram\", \"1425\", \"5\");",
          "err": {},
          "uuid": "19491c33-cec9-4262-9389-f2ccc28f39f3",
          "parentUUID": "c07c413d-37a5-431b-992e-124daf9b65e8",
          "isHook": false,
          "skipped": false
        }
      ],
      "suites": [],
      "passes": [
        "59e20d46-f601-4f1e-bf55-b9430b02ffd6",
        "488c4c6d-469b-4d72-819c-22b454696ace",
        "96fccb37-88a1-4f70-9303-8c25bee1b55d",
        "f62d6e1a-fafa-42f6-80ae-ecd44ea9c5e6",
        "19491c33-cec9-4262-9389-f2ccc28f39f3"
      ],
      "failures": [],
      "pending": [],
      "skipped": [],
      "duration": 30724,
      "root": true,
      "rootEmpty": false,
      "_timeout": 2000
    }
  ],
  "meta": {
    "mocha": {
      "version": "7.0.1"
    },
    "mochawesome": {
      "options": {
        "quiet": false,
        "reportFilename": "mochawesome",
        "saveHtml": true,
        "saveJson": true,
        "consoleReporter": "spec",
        "useInlineDiffs": false,
        "code": true
      },
      "version": "7.1.3"
    },
    "marge": {
      "options": null,
      "version": "6.2.0"
    }
  }
}