{
  "stats": {
    "suites": 1,
    "tests": 12,
    "passes": 11,
    "pending": 0,
    "failures": 1,
    "start": "2023-09-03T07:01:27.787Z",
    "end": "2023-09-03T07:02:05.192Z",
    "duration": 37405,
    "testsRegistered": 12,
    "passPercent": 91.66666666666666,
    "pendingPercent": 0,
    "other": 0,
    "hasOther": false,
    "skipped": 0,
    "hasSkipped": false
  },
  "results": [
    {
      "uuid": "d478a93e-54dd-4fc9-9c73-8593dfe66b8e",
      "title": "",
      "fullFile": "cypress/e2e/home_page/header_spec.cy.js",
      "file": "cypress/e2e/home_page/header_spec.cy.js",
      "beforeHooks": [],
      "afterHooks": [],
      "tests": [],
      "suites": [
        {
          "uuid": "ad6b75fd-9e66-49e8-b0d6-fdfd49828637",
          "title": "Navigation Test Suite",
          "fullFile": "",
          "file": "",
          "beforeHooks": [],
          "afterHooks": [],
          "tests": [
            {
              "title": "Logo should be visible",
              "fullTitle": "Navigation Test Suite Logo should be visible",
              "timedOut": null,
              "duration": 5411,
              "state": "passed",
              "speed": "medium",
              "pass": true,
              "fail": false,
              "pending": false,
              "context": null,
              "code": "cy.get(\".logo-div > a img\").should(\"be.visible\");",
              "err": {},
              "uuid": "728bb492-78b5-40dd-b502-7af5172341a0",
              "parentUUID": "ad6b75fd-9e66-49e8-b0d6-fdfd49828637",
              "isHook": false,
              "skipped": false
            },
            {
              "title": "Logo should be clickable",
              "fullTitle": "Navigation Test Suite Logo should be clickable",
              "timedOut": null,
              "duration": 1351,
              "state": "passed",
              "speed": "fast",
              "pass": true,
              "fail": false,
              "pending": false,
              "context": null,
              "code": "cy.get(\".logo-div > a img\").click();",
              "err": {},
              "uuid": "27657c6a-077b-4399-9af2-56a79c42d7b4",
              "parentUUID": "ad6b75fd-9e66-49e8-b0d6-fdfd49828637",
              "isHook": false,
              "skipped": false
            },
            {
              "title": "Logo should be redirected to the home page",
              "fullTitle": "Navigation Test Suite Logo should be redirected to the home page",
              "timedOut": null,
              "duration": 1559,
              "state": "passed",
              "speed": "fast",
              "pass": true,
              "fail": false,
              "pending": false,
              "context": null,
              "code": "cy.get(\".logo-div > a\").should(\"have.attr\", \"href\", \"https://waset.sa\").click();",
              "err": {},
              "uuid": "04613bc8-cde9-4d91-aa64-9e03443c5d6e",
              "parentUUID": "ad6b75fd-9e66-49e8-b0d6-fdfd49828637",
              "isHook": false,
              "skipped": false
            },
            {
              "title": "Logo should have an alt attribute",
              "fullTitle": "Navigation Test Suite Logo should have an alt attribute",
              "timedOut": null,
              "duration": 5056,
              "state": "failed",
              "speed": null,
              "pass": false,
              "fail": true,
              "pending": false,
              "context": null,
              "code": "cy.get(\".logo-div > a img\").should(\"have.attr\", \"alt\", \"Waset Logo\");",
              "err": {
                "message": "AssertionError: Timed out retrying after 4000ms: expected '<img>' to have attribute 'alt' with the value 'Waset Logo', but the value was 'img'",
                "estack": "AssertionError: Timed out retrying after 4000ms: expected '<img>' to have attribute 'alt' with the value 'Waset Logo', but the value was 'img'\n    at Context.eval (webpack:///./cypress/e2e/home_page/header_spec.cy.js:21:32)",
                "diff": "- 'img'\n+ 'Waset Logo'\n"
              },
              "uuid": "e929d352-9082-4ce5-b033-87e11cb2354b",
              "parentUUID": "ad6b75fd-9e66-49e8-b0d6-fdfd49828637",
              "isHook": false,
              "skipped": false
            },
            {
              "title": "Navigation Links be 5 list items",
              "fullTitle": "Navigation Test Suite Navigation Links be 5 list items",
              "timedOut": null,
              "duration": 967,
              "state": "passed",
              "speed": "fast",
              "pass": true,
              "fail": false,
              "pending": false,
              "context": null,
              "code": "cy.get(\".content-links > .links\").children().should(\"have.length\", 5);",
              "err": {},
              "uuid": "df6d191a-5703-4958-b255-e14dbcf4f480",
              "parentUUID": "ad6b75fd-9e66-49e8-b0d6-fdfd49828637",
              "isHook": false,
              "skipped": false
            },
            {
              "title": "Navigation Links should be visible",
              "fullTitle": "Navigation Test Suite Navigation Links should be visible",
              "timedOut": null,
              "duration": 1145,
              "state": "passed",
              "speed": "fast",
              "pass": true,
              "fail": false,
              "pending": false,
              "context": null,
              "code": "cy.get(\".content-links > .links\").children().should(\"be.visible\");",
              "err": {},
              "uuid": "2ee737e4-f998-48b8-b7a0-46e3b3fd13cb",
              "parentUUID": "ad6b75fd-9e66-49e8-b0d6-fdfd49828637",
              "isHook": false,
              "skipped": false
            },
            {
              "title": "Home navigation list item should be clickable",
              "fullTitle": "Navigation Test Suite Home navigation list item should be clickable",
              "timedOut": null,
              "duration": 1306,
              "state": "passed",
              "speed": "fast",
              "pass": true,
              "fail": false,
              "pending": false,
              "context": null,
              "code": "cy.get(\".content-links > .links > :nth-child(1)\").contains(\"Home\").should(\"have.attr\", \"href\", \"https://waset.sa\").click();",
              "err": {},
              "uuid": "28102846-3341-4718-9313-b947b8899c2d",
              "parentUUID": "ad6b75fd-9e66-49e8-b0d6-fdfd49828637",
              "isHook": false,
              "skipped": false
            },
            {
              "title": "About us navigation list item should be clickable",
              "fullTitle": "Navigation Test Suite About us navigation list item should be clickable",
              "timedOut": null,
              "duration": 9380,
              "state": "passed",
              "speed": "medium",
              "pass": true,
              "fail": false,
              "pending": false,
              "context": null,
              "code": "cy.get(\".content-links > .links :nth-child(2)\").contains(\"About us\").should(\"have.attr\", \"href\", \"https://waset.sa/about-us\").click();",
              "err": {},
              "uuid": "b4e6ae9e-943d-4b02-abca-053c82fbdd77",
              "parentUUID": "ad6b75fd-9e66-49e8-b0d6-fdfd49828637",
              "isHook": false,
              "skipped": false
            },
            {
              "title": "Features navigation list item should be clickable",
              "fullTitle": "Navigation Test Suite Features navigation list item should be clickable",
              "timedOut": null,
              "duration": 1007,
              "state": "passed",
              "speed": "fast",
              "pass": true,
              "fail": false,
              "pending": false,
              "context": null,
              "code": "cy.get(\".content-links > .links :nth-child(3)\").contains(\"Features\").should(\"have.attr\", \"href\", \"https://waset.sa#why-waset\").click();",
              "err": {},
              "uuid": "44afb9dc-2e4c-4967-9f15-1b9356c9a738",
              "parentUUID": "ad6b75fd-9e66-49e8-b0d6-fdfd49828637",
              "isHook": false,
              "skipped": false
            },
            {
              "title": "Localization navigation list item should be clickable",
              "fullTitle": "Navigation Test Suite Localization navigation list item should be clickable",
              "timedOut": null,
              "duration": 2579,
              "state": "passed",
              "speed": "fast",
              "pass": true,
              "fail": false,
              "pending": false,
              "context": null,
              "code": "cy.get(\".content-links > .links :nth-child(4)\").contains(\"العربية\").should(\"have.attr\", \"href\", \"https://waset.sa/ar\").click();",
              "err": {},
              "uuid": "43f42e4c-1d5a-4ce1-bd71-50bca19a1c32",
              "parentUUID": "ad6b75fd-9e66-49e8-b0d6-fdfd49828637",
              "isHook": false,
              "skipped": false
            },
            {
              "title": "View Finance Solutions navigation list item should be clickable",
              "fullTitle": "Navigation Test Suite View Finance Solutions navigation list item should be clickable",
              "timedOut": null,
              "duration": 1412,
              "state": "passed",
              "speed": "fast",
              "pass": true,
              "fail": false,
              "pending": false,
              "context": null,
              "code": "cy.get(\".content-links > .links :nth-child(5)\").contains(\"View Finance Solutions\").should(\"have.attr\", \"href\", \"https://waset.sa#our-financing\").click();",
              "err": {},
              "uuid": "76aeb338-77b1-452a-850b-1859e20deb4c",
              "parentUUID": "ad6b75fd-9e66-49e8-b0d6-fdfd49828637",
              "isHook": false,
              "skipped": false
            },
            {
              "title": "The localization of the page should be changed to Arabic",
              "fullTitle": "Navigation Test Suite The localization of the page should be changed to Arabic",
              "timedOut": null,
              "duration": 3415,
              "state": "passed",
              "speed": "fast",
              "pass": true,
              "fail": false,
              "pending": false,
              "context": null,
              "code": "cy.get(\".content-links > .links :nth-child(4)\").click();\ncy.get(\"html\").should(\"have.attr\", \"lang\", \"ar\");\ncy.get(\"html\").should(\"have.attr\", \"dir\", \"rtl\");",
              "err": {},
              "uuid": "c454dc2e-441c-4f9d-ae1f-2a82f3649492",
              "parentUUID": "ad6b75fd-9e66-49e8-b0d6-fdfd49828637",
              "isHook": false,
              "skipped": false
            }
          ],
          "suites": [],
          "passes": [
            "728bb492-78b5-40dd-b502-7af5172341a0",
            "27657c6a-077b-4399-9af2-56a79c42d7b4",
            "04613bc8-cde9-4d91-aa64-9e03443c5d6e",
            "df6d191a-5703-4958-b255-e14dbcf4f480",
            "2ee737e4-f998-48b8-b7a0-46e3b3fd13cb",
            "28102846-3341-4718-9313-b947b8899c2d",
            "b4e6ae9e-943d-4b02-abca-053c82fbdd77",
            "44afb9dc-2e4c-4967-9f15-1b9356c9a738",
            "43f42e4c-1d5a-4ce1-bd71-50bca19a1c32",
            "76aeb338-77b1-452a-850b-1859e20deb4c",
            "c454dc2e-441c-4f9d-ae1f-2a82f3649492"
          ],
          "failures": [
            "e929d352-9082-4ce5-b033-87e11cb2354b"
          ],
          "pending": [],
          "skipped": [],
          "duration": 34588,
          "root": false,
          "rootEmpty": false,
          "_timeout": 2000
        }
      ],
      "passes": [],
      "failures": [],
      "pending": [],
      "skipped": [],
      "duration": 0,
      "root": true,
      "rootEmpty": true,
      "_timeout": 2000
    }
  ],
  "meta": {
    "mocha": {
      "version": "7.0.1"
    },
    "mochawesome": {
      "options": {
        "quiet": false,
        "reportFilename": "mochawesome",
        "saveHtml": true,
        "saveJson": true,
        "consoleReporter": "spec",
        "useInlineDiffs": false,
        "code": true
      },
      "version": "7.1.3"
    },
    "marge": {
      "options": null,
      "version": "6.2.0"
    }
  }
}